<?xml version="1.0" encoding="UTF-8"?>
<!-- Generated by org.testng.reporters.JUnitReportReporter -->
<testsuite hostname="DESKTOP-O55CN0U" failures="0" tests="1" name="com.icix.producttest.QA_28_Test" time="277.272" errors="0" timestamp="30 Dec 2018 15:36:32 GMT" skipped="0">
  <testcase classname="com.icix.producttest.QA_28_Test" name="OpenRequestPage" time="277.272"/>
</testsuite> <!-- com.icix.producttest.QA_28_Test -->
