<?xml version="1.0" encoding="UTF-8"?>
<!-- Generated by org.testng.reporters.JUnitReportReporter -->
<testsuite skipped="0" hostname="PrinceK-HR" name="ProductTest.ProductTest" tests="3" failures="0" timestamp="27 Dec 2018 04:28:59 GMT" time="31.627" errors="0">
  <testcase name="CreateICIXProduct" time="3.489" classname="ProductTest.ProductTest"/>
  <testcase name="searchForTP" time="16.844" classname="ProductTest.ProductTest"/>
  <testcase name="goToICIXPrd" time="11.294" classname="ProductTest.ProductTest"/>
</testsuite> <!-- ProductTest.ProductTest -->
